<testsuite errors="0" failures="0" tests="5" skipped="0" name="runbld.bad_cdata" hostname="nohost.nodomain" time="4.581" timestamp="2017-08-23T07:03:59">
   <system-out><![CDATA[
just some content]]> just some more content
]]></system-out>
   <system-err><![CDATA[]]></system-err>
</testsuite>
